MATLAB is selecting SOFTWARE OPENGL rendering.

                            < M A T L A B (R) >
                  Copyright 1984-2016 The MathWorks, Inc.
                   R2016a (9.0.0.341360) 64-bit (glnxa64)
                             February 11, 2016

 
To get started, type one of these: helpwin, helpdesk, or demo.
For product information, visit www.mathworks.com.
 
[Warning: maxNumCompThreads will be removed in a future release. Please remove
any instances of this function from your code.] 
[> In maxNumCompThreads (line 26)
  In matlabrc (line 206)] 
Setting CVX paths...done.
    ----------------------------------------------------
	Your MATLAB license will expire in 14 days.
	Please contact your system administrator or
	MathWorks to renew this license.
    ----------------------------------------------------

	Academic License

>> >> >> >> >> >> >> >> >> >> >> >> >> >> >> K 1 (in order):  -4.85 ± 0.0011
K 2 (in order):  -4.60 ± 0.0009
K 3 (in order):  -4.73 ± 0.0013
K 4 (in order):   0.71 ± 321.3761
K 5 (in order):  -4.51 ± 0.0119
K 6 (in order):  -5.04 ± 0.0027
K 7 (in order):  -5.14 ± 0.0013
K 8 (in order):  -4.59 ± 0.0650
K 9 (in order):  -4.72 ± 0.0111
K 10 (in order):  -4.48 ± 0.0010
K 11 (in order):  -4.51 ± 0.0022
K 12 (in order):  -2.84 ± 0.2171
K 13 (in order):  -4.80 ± 0.0021
K 14 (in order):  -4.67 ± 0.0008
K 15 (in order):  -4.40 ± 0.0031
K 16 (in order):  -4.70 ± 0.0154
K 17 (in order):  -5.06 ± 0.0019
K 18 (in order):  -4.57 ± 0.0014
K 19 (in order):  -5.08 ± 0.0035
K 20 (in order):  -1.50 ± 286.8041
K 21 (in order):  -4.40 ± 0.0233
K 22 (in order):  -4.59 ± 0.4942
K 23 (in order):  -4.13 ± 1.6327
K 24 (in order):  -4.15 ± 0.0255
K 25 (in order):  -2.12 ± 21.6153
K 26 (in order):  -4.67 ± 0.0010
K 27 (in order):  -4.73 ± 0.0011
K 28 (in order):  -1.51 ± 6.6127
K 29 (in order):  -1.93 ± 12.5976
>> 