MATLAB is selecting SOFTWARE OPENGL rendering.

                            < M A T L A B (R) >
                  Copyright 1984-2016 The MathWorks, Inc.
                   R2016a (9.0.0.341360) 64-bit (glnxa64)
                             February 11, 2016

 
To get started, type one of these: helpwin, helpdesk, or demo.
For product information, visit www.mathworks.com.
 
[Warning: maxNumCompThreads will be removed in a future release. Please remove
any instances of this function from your code.] 
[> In maxNumCompThreads (line 26)
  In matlabrc (line 206)] 
Setting CVX paths...done.
    ----------------------------------------------------
	Your MATLAB license will expire in 14 days.
	Please contact your system administrator or
	MathWorks to renew this license.
    ----------------------------------------------------

	Academic License

>> >> >> >> >> >> >> >> >> >> >> >> >> >> >> >> >> >> >> >> >> >> >> >> >> >> >> >> >> >> >> >> >> >> >> >> >> >> >> >> >> >> >> >> >> >> >> >> >> >> >> >> >> >> >> >> >> >> >> >> >> >> Chi-2 misfit:   9.14
>> Shear displacement rate (mm/yr):  10.61
>> Convergent displacement rate (mm/yr):   2.35
>> Uplift rate at Bay constraint (mm/yr):   0.20
>> Uplift rate at LP (mm/yr):   0.65
>> Log10 K value (log m/yr):  -4.89
Log10 K value (log m/yr):  -4.69
Log10 K value (log m/yr):  -4.85
Log10 K value (log m/yr):   0.54
Log10 K value (log m/yr):  -4.49
Log10 K value (log m/yr):  -4.99
Log10 K value (log m/yr):  -5.15
Log10 K value (log m/yr):  -3.59
Log10 K value (log m/yr):  -4.72
Log10 K value (log m/yr):  -4.55
Log10 K value (log m/yr):  -2.36
Log10 K value (log m/yr):  -4.70
Log10 K value (log m/yr):  -4.85
Log10 K value (log m/yr):  -4.76
Log10 K value (log m/yr):  -4.53
Log10 K value (log m/yr):  -4.87
Log10 K value (log m/yr):  -4.98
Log10 K value (log m/yr):  -4.65
Log10 K value (log m/yr):  -5.02
Log10 K value (log m/yr):  -5.35
Log10 K value (log m/yr):  -1.47
Log10 K value (log m/yr):  -4.30
Log10 K value (log m/yr):  -2.00
Log10 K value (log m/yr):  -4.04
Log10 K value (log m/yr):  -0.81
Log10 K value (log m/yr):  -4.69
Log10 K value (log m/yr):  -4.83
Log10 K value (log m/yr):  -4.99
Log10 K value (log m/yr):  -0.81
>> >> >> >> >> >> 